<?xml version="1.0" encoding="UTF-8"?>
<!-- Generated by org.testng.reporters.JUnitReportReporter -->
<testsuite hostname="DESKTOP-QQ6U54R" failures="0" tests="3" name="API_restAssured.PostWithDDT" time="10.890" errors="0" timestamp="2023-12-05T15:13:49 IST" skipped="0">
  <testcase classname="API_restAssured.PostWithDDT" name="postDDT" time="0.777"/>
  <system-out/>
  <testcase classname="API_restAssured.PostWithDDT" name="postDDT" time="9.439"/>
  <system-out/>
  <testcase classname="API_restAssured.PostWithDDT" name="postDDT" time="0.674"/>
  <system-out/>
</testsuite> <!-- API_restAssured.PostWithDDT -->
