<?xml version="1.0" encoding="UTF-8"?>
<!-- Generated by org.testng.reporters.JUnitReportReporter -->
<testsuite hostname="DESKTOP-QQ6U54R" failures="0" tests="1" name="API_restAssured.CreatePost" time="25.852" errors="0" timestamp="2023-12-03T23:10:02 IST" skipped="0">
  <testcase classname="API_restAssured.CreatePost" name="crud" time="25.852"/>
  <system-out/>
</testsuite> <!-- API_restAssured.CreatePost -->
