<?xml version="1.0" encoding="UTF-8"?>
<!-- Generated by org.testng.reporters.JUnitReportReporter -->
<testsuite hostname="DESKTOP-QQ6U54R" failures="0" tests="3" name="API_restAssured.ReadDataFromExcel" time="8.300" errors="0" timestamp="2023-12-05T20:22:10 IST" skipped="0">
  <testcase classname="API_restAssured.ReadDataFromExcel" name="dataForPostFromExcel" time="7.201"/>
  <system-out/>
  <testcase classname="API_restAssured.ReadDataFromExcel" name="dataForPostFromExcel" time="0.586"/>
  <system-out/>
  <testcase classname="API_restAssured.ReadDataFromExcel" name="dataForPostFromExcel" time="0.513"/>
  <system-out/>
</testsuite> <!-- API_restAssured.ReadDataFromExcel -->
