<?xml version="1.0" encoding="UTF-8"?>
<!-- Generated by org.testng.reporters.JUnitReportReporter -->
<testsuite hostname="DESKTOP-QQ6U54R" failures="0" tests="1" name="validateHeader.ReadSpecificResponse" time="3.764" errors="0" timestamp="2023-12-02T12:56:19 IST" skipped="0">
  <testcase classname="validateHeader.ReadSpecificResponse" name="crud" time="3.764"/>
  <system-out/>
</testsuite> <!-- validateHeader.ReadSpecificResponse -->
